----------------------
02/04/2019 15:43:55 - C:\Projects\repos\ioninja\ecckey\CMakeLists.txt
----------------------
[-] project (ecckey)
[+] project(ecckey)
[-] cmake_minimum_required (VERSION 3.3)
[+] cmake_minimum_required(VERSION 3.3)
[-] include (axl_cmake.cmake NO_POLICY_SCOPE)
[+] include(axl_cmake.cmake NO_POLICY_SCOPE)
[-] set (ECCKEY_ROOT_DIR     ${CMAKE_CURRENT_LIST_DIR})
[+] set(ECCKEY_ROOT_DIR     ${CMAKE_CURRENT_LIST_DIR})
[-] set (ECCKEY_BIN_BASE_DIR ${CMAKE_CURRENT_BINARY_DIR}/bin)
[+] set(ECCKEY_BIN_BASE_DIR ${CMAKE_CURRENT_BINARY_DIR}/bin)
[-] set (ECCKEY_DOC_DIR      ${CMAKE_CURRENT_BINARY_DIR}/doc)
[+] set(ECCKEY_DOC_DIR      ${CMAKE_CURRENT_BINARY_DIR}/doc)
[-] set (ECCKEY_PACKAGE_DIR  ${CMAKE_CURRENT_BINARY_DIR}/package)
[+] set(ECCKEY_PACKAGE_DIR  ${CMAKE_CURRENT_BINARY_DIR}/package)
[-] set (CMAKE_RUNTIME_OUTPUT_DIRECTORY ${ECCKEY_BIN_BASE_DIR}/${CONFIGURATION_SCG})
[+] set(CMAKE_RUNTIME_OUTPUT_DIRECTORY ${ECCKEY_BIN_BASE_DIR}/${CONFIGURATION_SCG})
[-] set (ECCKEY_INSTALL_BIN_SUBDIR bin)
[+] set(ECCKEY_INSTALL_BIN_SUBDIR bin)
[-] if (WIN32)
[+] if(WIN32)
[-] 	set (ECCKEY_INSTALL_DOC_SUBDIR     doc)
[+] 	set(ECCKEY_INSTALL_DOC_SUBDIR     doc)
[-] 	set (ECCKEY_INSTALL_LICENSE_SUBDIR license)
[+] 	set(ECCKEY_INSTALL_LICENSE_SUBDIR license)
[-] else ()
[+] else()
[-] 	set (ECCKEY_INSTALL_DOC_SUBDIR     share/${CMAKE_PROJECT_NAME}/doc)
[+] 	set(ECCKEY_INSTALL_DOC_SUBDIR     share/${CMAKE_PROJECT_NAME}/doc)
[-] 	set (ECCKEY_INSTALL_LICENSE_SUBDIR share/${CMAKE_PROJECT_NAME}/license)
[+] 	set(ECCKEY_INSTALL_LICENSE_SUBDIR share/${CMAKE_PROJECT_NAME}/license)
[-] endif ()
[+] endif()
[-] include (version.cmake)
[+] include(version.cmake)
[-] add_subdirectory (src)
[+] add_subdirectory(src)
[-] add_subdirectory (doc)
[+] add_subdirectory(doc)
[-] install (
[+] install(
[-] set (CPACK_PACKAGE_VERSION_MAJOR ${ECCKEY_VERSION_MAJOR})
[+] set(CPACK_PACKAGE_VERSION_MAJOR ${ECCKEY_VERSION_MAJOR})
[-] set (CPACK_PACKAGE_VERSION_MINOR ${ECCKEY_VERSION_MINOR})
[+] set(CPACK_PACKAGE_VERSION_MINOR ${ECCKEY_VERSION_MINOR})
[-] set (CPACK_PACKAGE_VERSION_PATCH ${ECCKEY_VERSION_REVISION})
[+] set(CPACK_PACKAGE_VERSION_PATCH ${ECCKEY_VERSION_REVISION})
[-] if (WIN32)
[+] if(WIN32)
[-] 	set (CPACK_SOURCE_GENERATOR 7Z)
[+] 	set(CPACK_SOURCE_GENERATOR 7Z)
[-] else ()
[+] else()
[-] 	set (CPACK_SOURCE_GENERATOR TXZ)
[+] 	set(CPACK_SOURCE_GENERATOR TXZ)
[-] endif ()
[+] endif()
[-] set (CPACK_SOURCE_IGNORE_FILES "/[.];[.]user$;/build/;/ci/;/paths.cmake$")
[+] set(CPACK_SOURCE_IGNORE_FILES "/[.];[.]user$;/build/;/ci/;/paths.cmake$")
[-] set (CPACK_SOURCE_PACKAGE_FILE_NAME ${CMAKE_PROJECT_NAME}-${ECCKEY_VERSION_FILE_SUFFIX}-src)
[+] set(CPACK_SOURCE_PACKAGE_FILE_NAME ${CMAKE_PROJECT_NAME}-${ECCKEY_VERSION_FILE_SUFFIX}-src)
[-] if (APPLE)
[+] if(APPLE)
[-] 	set (CPACK_PACKAGE_FILE_NAME ${CMAKE_PROJECT_NAME}-${ECCKEY_VERSION_FILE_SUFFIX}-mac)
[+] 	set(CPACK_PACKAGE_FILE_NAME ${CMAKE_PROJECT_NAME}-${ECCKEY_VERSION_FILE_SUFFIX}-mac)
[-] else ()
[+] else()
[-] 	string (TOLOWER ${CMAKE_SYSTEM_NAME} OS_NAME)
[+] 	string(TOLOWER ${CMAKE_SYSTEM_NAME} OS_NAME)
[-] 	set (CPACK_PACKAGE_FILE_NAME ${CMAKE_PROJECT_NAME}-${ECCKEY_VERSION_FILE_SUFFIX}-${OS_NAME}-${TARGET_CPU})
[+] 	set(CPACK_PACKAGE_FILE_NAME ${CMAKE_PROJECT_NAME}-${ECCKEY_VERSION_FILE_SUFFIX}-${OS_NAME}-${TARGET_CPU})
[-] endif ()
[+] endif()
[-] include (CPack)
[+] include(CPack)
----------------------
02/04/2019 15:43:55 - C:\Projects\repos\ioninja\ecckey\doc\CMakeLists.txt
----------------------
[-] if (SPHINX_FOUND)
[+] if(SPHINX_FOUND)
[-] 	add_subdirectory (index)
[+] 	add_subdirectory(index)
[-] 	add_subdirectory (build-guide)
[+] 	add_subdirectory(build-guide)
[-] endif ()
[+] endif()
----------------------
02/04/2019 15:43:55 - C:\Projects\repos\ioninja\ecckey\doc\build-guide\CMakeLists.txt
----------------------
[-] set (DOC_NAME "ECCKey Build Guide")
[+] set(DOC_NAME "ECCKey Build Guide")
[-] set (TEX_BASE_NAME ecckey-build-guide-${ECCKEY_VERSION_FILE_SUFFIX})
[+] set(TEX_BASE_NAME ecckey-build-guide-${ECCKEY_VERSION_FILE_SUFFIX})
[-] set (TEX_FILE_NAME ${TEX_BASE_NAME}.tex)
[+] set(TEX_FILE_NAME ${TEX_BASE_NAME}.tex)
[-] set (PDF_FILE_NAME ${TEX_BASE_NAME}.pdf)
[+] set(PDF_FILE_NAME ${TEX_BASE_NAME}.pdf)
[-] set (RST_DIR  ${CMAKE_CURRENT_LIST_DIR}/rst)
[+] set(RST_DIR  ${CMAKE_CURRENT_LIST_DIR}/rst)
[-] set (TEX_DIR  ${CMAKE_CURRENT_BINARY_DIR}/tex)
[+] set(TEX_DIR  ${CMAKE_CURRENT_BINARY_DIR}/tex)
[-] set (TMP_DIR  ${CMAKE_CURRENT_BINARY_DIR}/tmp)
[+] set(TMP_DIR  ${CMAKE_CURRENT_BINARY_DIR}/tmp)
[-] set (HTML_DIR ${ECCKEY_DOC_DIR}/html/build-guide)
[+] set(HTML_DIR ${ECCKEY_DOC_DIR}/html/build-guide)
[-] set (PDF_DIR  ${ECCKEY_DOC_DIR}/pdf)
[+] set(PDF_DIR  ${ECCKEY_DOC_DIR}/pdf)
[-] set (SPHINX_HTML_THEME ${AXL_SPHINX_HTML_THEME})
[+] set(SPHINX_HTML_THEME ${AXL_SPHINX_HTML_THEME})
[-] set (
[+] set(
[-] set (
[+] set(
[-] set (
[+] set(
[-] set (
[+] set(
[-] set (
[+] set(
[-] foreach (_VAR ${CMD_LINE_VAR_LIST})
[+] foreach(_VAR ${CMD_LINE_VAR_LIST})
[-] 	string (
[+] 	string(
[-] endforeach ()
[+] endforeach()
[-] configure_file (
[+] configure_file(
[-] if (WIN32)
[+] if(WIN32)
[-] 	configure_file (
[+] 	configure_file(
[-] 	configure_file (
[+] 	configure_file(
[-] else ()
[+] else()
[-] 	axl_configure_file_w_permissions (
[+] 	axl_configure_file_w_permissions(
[-] 	axl_configure_file_w_permissions (
[+] 	axl_configure_file_w_permissions(
[-] endif ()
[+] endif()
----------------------
02/04/2019 15:43:55 - C:\Projects\repos\ioninja\ecckey\doc\index\CMakeLists.txt
----------------------
[-] set (DOC_NAME "ECCKey Documentation Index")
[+] set(DOC_NAME "ECCKey Documentation Index")
[-] set (RST_DIR  ${CMAKE_CURRENT_LIST_DIR})
[+] set(RST_DIR  ${CMAKE_CURRENT_LIST_DIR})
[-] set (TMP_DIR  ${CMAKE_CURRENT_BINARY_DIR}/tmp)
[+] set(TMP_DIR  ${CMAKE_CURRENT_BINARY_DIR}/tmp)
[-] set (HTML_DIR ${ECCKEY_DOC_DIR}/html)
[+] set(HTML_DIR ${ECCKEY_DOC_DIR}/html)
[-] set (SPHINX_HTML_THEME ${AXL_SPHINX_HTML_THEME})
[+] set(SPHINX_HTML_THEME ${AXL_SPHINX_HTML_THEME})
[-] set (
[+] set(
[-] string (
[+] string(
[-] configure_file (
[+] configure_file(
[-] if (WIN32)
[+] if(WIN32)
[-] 	configure_file (
[+] 	configure_file(
[-] else ()
[+] else()
[-] 	axl_configure_file_w_permissions (
[+] 	axl_configure_file_w_permissions(
[-] endif ()
[+] endif()
----------------------
02/04/2019 15:43:55 - C:\Projects\repos\ioninja\ecckey\src\CMakeLists.txt
----------------------
[-] set (
[+] set(
[-] set (
[+] set(
[-] source_group (
[+] source_group(
[-] set (
[+] set(
[-] source_group (
[+] source_group(
[-] set (GEN_DIR ${CMAKE_CURRENT_BINARY_DIR}/gen)
[+] set(GEN_DIR ${CMAKE_CURRENT_BINARY_DIR}/gen)
[-] file (MAKE_DIRECTORY ${GEN_DIR})
[+] file(MAKE_DIRECTORY ${GEN_DIR})
[-] axl_push_and_set (CMAKE_CURRENT_BINARY_DIR ${GEN_DIR})
[+] axl_push_and_set(CMAKE_CURRENT_BINARY_DIR ${GEN_DIR})
[-] configure_file (
[+] configure_file(
[-] set (
[+] set(
[-] axl_pop (CMAKE_CURRENT_BINARY_DIR)
[+] axl_pop(CMAKE_CURRENT_BINARY_DIR)
[-] source_group (
[+] source_group(
[-] set (PCH_H   pch.h)
[+] set(PCH_H   pch.h)
[-] set (PCH_CPP pch.cpp)
[+] set(PCH_CPP pch.cpp)
[-] source_group (
[+] source_group(
[-] include_directories (
[+] include_directories(
[-] link_directories (
[+] link_directories(
[-] add_executable (
[+] add_executable(
[-] axl_set_pch (
[+] axl_set_pch(
[-] set_target_properties (
[+] set_target_properties(
[-] target_link_libraries (
[+] target_link_libraries(
[-] if (UNIX)
[+] if(UNIX)
[-] 	target_link_libraries (
[+] 	target_link_libraries(
[-] 	if (NOT APPLE)
[+] 	if(NOT APPLE)
[-] 		target_link_libraries (
[+] 		target_link_libraries(
[-] 	endif ()
[+] 	endif()
[-] endif ()
[+] endif()
[-] if (WIN32 AND OPENSSL_DLL_DIR AND OPENSSL_CRYPTO_DLL_NAME)
[+] if(WIN32 AND OPENSSL_DLL_DIR AND OPENSSL_CRYPTO_DLL_NAME)
[-] 	set (_DEBUG_SUFFIX $<$<CONFIG:Debug>:d>)
[+] 	set(_DEBUG_SUFFIX $<$<CONFIG:Debug>:d>)
[-] 	add_custom_command (
[+] 	add_custom_command(
[-] endif ()
[+] endif()
[-] install (
[+] install(
